<?xml version="1.0" encoding="UTF-8"?>
<!-- Generated by org.testng.reporters.JUnitXMLReporter -->
<testsuite ignored="0" hostname="WINDOWS-73URBFV" failures="0" tests="3" name="Default test" time="154.392" errors="0" timestamp="2024-02-04T10:29:23 IST">
  <testcase classname="test_case.Test_1" name="accessibility" time="1.562"/>
  <testcase classname="test_case.Test_1" name="aformationORequestDemo" time="112.821"/>
  <testcase classname="test_case.Test_1" name="formSubmission" time="39.871"/>
</testsuite> <!-- Default test -->
