<?xml version="1.0" encoding="UTF-8"?>
<testng-results ignored="0" total="3" passed="3" failed="0" skipped="0">
  <reporter-output>
  </reporter-output>
  <suite started-at="2024-02-04T10:31:05 IST" name="Suite" finished-at="2024-02-04T10:32:22 IST" duration-ms="77342">
    <groups>
    </groups>
    <test started-at="2024-02-04T10:31:05 IST" name="Test" finished-at="2024-02-04T10:32:22 IST" duration-ms="77342">
      <class name="test_case.Test_1">
        <test-method is-config="true" signature="setup()[pri:0, instance:test_case.Test_1@175b9425]" started-at="2024-02-04T10:30:45 IST" name="setup" finished-at="2024-02-04T10:31:05 IST" duration-ms="19906" status="PASS">
          <reporter-output>
          </reporter-output>
        </test-method> <!-- setup -->
        <test-method signature="accessibility()[pri:1, instance:test_case.Test_1@175b9425]" started-at="2024-02-04T10:31:05 IST" name="accessibility" finished-at="2024-02-04T10:31:06 IST" duration-ms="1373" status="PASS">
          <reporter-output>
          </reporter-output>
        </test-method> <!-- accessibility -->
        <test-method signature="aformationORequestDemo()[pri:2, instance:test_case.Test_1@175b9425]" started-at="2024-02-04T10:31:06 IST" name="aformationORequestDemo" finished-at="2024-02-04T10:32:04 IST" duration-ms="57769" status="PASS">
          <reporter-output>
          </reporter-output>
        </test-method> <!-- aformationORequestDemo -->
        <test-method signature="formSubmission()[pri:3, instance:test_case.Test_1@175b9425]" started-at="2024-02-04T10:32:04 IST" name="formSubmission" finished-at="2024-02-04T10:32:22 IST" duration-ms="18098" status="PASS">
          <reporter-output>
          </reporter-output>
        </test-method> <!-- formSubmission -->
        <test-method is-config="true" signature="tearDown()[pri:0, instance:test_case.Test_1@175b9425]" started-at="2024-02-04T10:32:22 IST" name="tearDown" finished-at="2024-02-04T10:32:22 IST" duration-ms="292" status="PASS">
          <reporter-output>
          </reporter-output>
        </test-method> <!-- tearDown -->
      </class> <!-- test_case.Test_1 -->
    </test> <!-- Test -->
  </suite> <!-- Suite -->
</testng-results>
