<?xml version="1.0" encoding="UTF-8"?>
<!-- Generated by org.testng.reporters.JUnitXMLReporter -->
<testsuite ignored="0" hostname="WINDOWS-73URBFV" failures="0" tests="3" name="Test" time="77.342" errors="0" timestamp="2024-02-04T10:32:22 IST">
  <testcase classname="test_case.Test_1" name="accessibility" time="1.373"/>
  <testcase classname="test_case.Test_1" name="aformationORequestDemo" time="57.769"/>
  <testcase classname="test_case.Test_1" name="formSubmission" time="18.098"/>
</testsuite> <!-- Test -->
